<?xml version="1.0" encoding="utf-8"?><testsuites name="pytest tests"><testsuite name="pytest" errors="0" failures="0" skipped="0" tests="12" time="1.497" timestamp="2026-05-01T09:13:03.603974+00:00" hostname="agent-env-6ab5e90c-df24-4176-ad64-e27ca22dbdf2"><testcase classname="backend.tests.backend_test" name="test_root" time="0.371" /><testcase classname="backend.tests.backend_test" name="test_categories" time="0.056" /><testcase classname="backend.tests.backend_test" name="test_list_products_seeded" time="0.047" /><testcase classname="backend.tests.backend_test" name="test_products_filter_category" time="0.046" /><testcase classname="backend.tests.backend_test" name="test_products_featured" time="0.049" /><testcase classname="backend.tests.backend_test" name="test_get_product_by_id_and_404" time="0.145" /><testcase classname="backend.tests.backend_test" name="test_create_update_delete_product" time="0.336" /><testcase classname="backend.tests.backend_test" name="test_create_product_invalid_category" time="0.054" /><testcase classname="backend.tests.backend_test" name="test_order_small_subtotal_with_shipping_and_tax" time="0.063" /><testcase classname="backend.tests.backend_test" name="test_order_free_shipping_over_75" time="0.052" /><testcase classname="backend.tests.backend_test" name="test_order_empty_items_400" time="0.046" /><testcase classname="backend.tests.backend_test" name="test_contact_message" time="0.062" /></testsuite></testsuites>